May 25, 2017 10:30:01 PM org.openstreetmap.osmosis.core.Osmosis run
INFO: Osmosis Version 0.45
May 25, 2017 10:30:01 PM org.openstreetmap.osmosis.core.TaskRegistrar loadBuiltInPlugins
FINER: Loading plugin configuration file from url jar:file:/opt/osm/sources/osmosis/lib/default/osmosis-pgsnapshot-0.45.jar!/osmosis-plugins.conf.
May 25, 2017 10:30:01 PM org.openstreetmap.osmosis.core.TaskRegistrar loadBuiltInPlugins
FINER: Loading plugin via loader org.openstreetmap.osmosis.pgsnapshot.PgSnapshotPluginLoader.
May 25, 2017 10:30:01 PM org.openstreetmap.osmosis.core.TaskRegistrar loadBuiltInPlugins
FINER: Loading plugin configuration file from url jar:file:/opt/osm/sources/osmosis/lib/default/osmosis-pbf2-0.45.jar!/osmosis-plugins.conf.
May 25, 2017 10:30:01 PM org.openstreetmap.osmosis.core.TaskRegistrar loadBuiltInPlugins
FINER: Loading plugin via loader org.openstreetmap.osmosis.pbf2.PbfPluginLoader.
May 25, 2017 10:30:01 PM org.openstreetmap.osmosis.core.TaskRegistrar loadBuiltInPlugins
FINER: Loading plugin configuration file from url jar:file:/opt/osm/sources/osmosis/lib/default/osmosis-pgsimple-0.45.jar!/osmosis-plugins.conf.
May 25, 2017 10:30:01 PM org.openstreetmap.osmosis.core.TaskRegistrar loadBuiltInPlugins
FINER: Loading plugin via loader org.openstreetmap.osmosis.pgsimple.PgSimplePluginLoader.
May 25, 2017 10:30:01 PM org.openstreetmap.osmosis.core.TaskRegistrar loadBuiltInPlugins
FINER: Loading plugin configuration file from url jar:file:/opt/osm/sources/osmosis/lib/default/osmosis-core-0.45.jar!/osmosis-plugins.conf.
May 25, 2017 10:30:01 PM org.openstreetmap.osmosis.core.TaskRegistrar loadBuiltInPlugins
FINER: Loading plugin via loader org.openstreetmap.osmosis.core.CorePluginLoader.
May 25, 2017 10:30:01 PM org.openstreetmap.osmosis.core.TaskRegistrar loadBuiltInPlugins
FINER: Loading plugin configuration file from url jar:file:/opt/osm/sources/osmosis/lib/default/osmosis-tagfilter-0.45.jar!/osmosis-plugins.conf.
May 25, 2017 10:30:01 PM org.openstreetmap.osmosis.core.TaskRegistrar loadBuiltInPlugins
FINER: Loading plugin via loader org.openstreetmap.osmosis.tagfilter.TagFilterPluginLoader.
May 25, 2017 10:30:01 PM org.openstreetmap.osmosis.core.TaskRegistrar loadBuiltInPlugins
FINER: Loading plugin configuration file from url jar:file:/opt/osm/sources/osmosis/lib/default/osmosis-set-0.45.jar!/osmosis-plugins.conf.
May 25, 2017 10:30:01 PM org.openstreetmap.osmosis.core.TaskRegistrar loadBuiltInPlugins
FINER: Loading plugin via loader org.openstreetmap.osmosis.set.SetPluginLoader.
May 25, 2017 10:30:01 PM org.openstreetmap.osmosis.core.TaskRegistrar loadBuiltInPlugins
FINER: Loading plugin configuration file from url jar:file:/opt/osm/sources/osmosis/lib/default/osmosis-xml-0.45.jar!/osmosis-plugins.conf.
May 25, 2017 10:30:01 PM org.openstreetmap.osmosis.core.TaskRegistrar loadBuiltInPlugins
FINER: Loading plugin via loader org.openstreetmap.osmosis.xml.XmlPluginLoader.
May 25, 2017 10:30:01 PM org.openstreetmap.osmosis.core.TaskRegistrar loadBuiltInPlugins
FINER: Loading plugin configuration file from url jar:file:/opt/osm/sources/osmosis/lib/default/osmosis-dataset-0.45.jar!/osmosis-plugins.conf.
May 25, 2017 10:30:01 PM org.openstreetmap.osmosis.core.TaskRegistrar loadBuiltInPlugins
FINER: Loading plugin via loader org.openstreetmap.osmosis.dataset.DatasetPluginLoader.
May 25, 2017 10:30:01 PM org.openstreetmap.osmosis.core.TaskRegistrar loadBuiltInPlugins
FINER: Loading plugin configuration file from url jar:file:/opt/osm/sources/osmosis/lib/default/osmosis-areafilter-0.45.jar!/osmosis-plugins.conf.
May 25, 2017 10:30:01 PM org.openstreetmap.osmosis.core.TaskRegistrar loadBuiltInPlugins
FINER: Loading plugin via loader org.openstreetmap.osmosis.areafilter.AreaFilterPluginLoader.
May 25, 2017 10:30:01 PM org.openstreetmap.osmosis.core.TaskRegistrar loadBuiltInPlugins
FINER: Loading plugin configuration file from url jar:file:/opt/osm/sources/osmosis/lib/default/osmosis-replication-http-0.45.jar!/osmosis-plugins.conf.
May 25, 2017 10:30:01 PM org.openstreetmap.osmosis.core.TaskRegistrar loadBuiltInPlugins
FINER: Loading plugin via loader org.openstreetmap.osmosis.replicationhttp.ReplicationHttpPluginLoader.
May 25, 2017 10:30:01 PM org.openstreetmap.osmosis.core.TaskRegistrar loadBuiltInPlugins
FINER: Loading plugin configuration file from url jar:file:/opt/osm/sources/osmosis/lib/default/osmosis-pbf-0.45.jar!/osmosis-plugins.conf.
May 25, 2017 10:30:01 PM org.openstreetmap.osmosis.core.TaskRegistrar loadBuiltInPlugins
FINER: Loading plugin via loader crosby.binary.osmosis.BinaryPluginLoader.
May 25, 2017 10:30:01 PM org.openstreetmap.osmosis.core.TaskRegistrar loadBuiltInPlugins
FINER: Loading plugin configuration file from url jar:file:/opt/osm/sources/osmosis/lib/default/osmosis-tagtransform-0.45.jar!/osmosis-plugins.conf.
May 25, 2017 10:30:01 PM org.openstreetmap.osmosis.core.TaskRegistrar loadBuiltInPlugins
FINER: Loading plugin via loader org.openstreetmap.osmosis.tagtransform.TransformPlugin.
May 25, 2017 10:30:01 PM org.openstreetmap.osmosis.core.TaskRegistrar loadBuiltInPlugins
FINER: Loading plugin configuration file from url jar:file:/opt/osm/sources/osmosis/lib/default/osmosis-apidb-0.45.jar!/osmosis-plugins.conf.
May 25, 2017 10:30:01 PM org.openstreetmap.osmosis.core.TaskRegistrar loadBuiltInPlugins
FINER: Loading plugin via loader org.openstreetmap.osmosis.apidb.ApidbPluginLoader.
May 25, 2017 10:30:01 PM org.openstreetmap.osmosis.core.TaskRegistrar loadBuiltInPlugins
FINER: Loading plugin configuration file from url jar:file:/opt/osm/sources/osmosis/lib/default/osmosis-replication-0.45.jar!/osmosis-plugins.conf.
May 25, 2017 10:30:01 PM org.openstreetmap.osmosis.core.TaskRegistrar loadBuiltInPlugins
FINER: Loading plugin via loader org.openstreetmap.osmosis.replication.ReplicationPluginLoader.
May 25, 2017 10:30:01 PM org.openstreetmap.osmosis.core.TaskRegistrar loadJPFPlugins
FINE: Searching for JPF plugins.
May 25, 2017 10:30:01 PM org.openstreetmap.osmosis.core.TaskRegistrar gatherJpfPlugins
FINER: Loading plugins in /opt/osm/data/osmupdates/plugins
May 25, 2017 10:30:01 PM org.openstreetmap.osmosis.core.TaskRegistrar gatherJpfPlugins
FINER: Loading plugins in /root/.openstreetmap/osmosis/plugins
May 25, 2017 10:30:01 PM org.openstreetmap.osmosis.core.TaskRegistrar gatherJpfPlugins
FINER: Loading plugins in /opt/osm/data/osmupdates/null/openstreetmap/osmosis/plugins
May 25, 2017 10:30:02 PM org.openstreetmap.osmosis.core.TaskRegistrar loadJPFPlugins
FINE: Registering the core plugin.
May 25, 2017 10:30:02 PM org.openstreetmap.osmosis.core.TaskRegistrar registerCorePlugin
FINEST: Plugin URL: jar:file:/opt/osm/sources/osmosis/lib/default/osmosis-core-0.45.jar!/org/openstreetmap/osmosis/core/plugin/plugin.xml
May 25, 2017 10:30:02 PM org.openstreetmap.osmosis.core.TaskRegistrar loadJPFPlugins
FINE: Registering the extension plugins.
May 25, 2017 10:30:02 PM org.openstreetmap.osmosis.core.Osmosis run
INFO: Preparing pipeline.
May 25, 2017 10:30:02 PM org.openstreetmap.osmosis.core.pipeline.common.Pipeline prepare
FINE: Building tasks.
May 25, 2017 10:30:02 PM org.openstreetmap.osmosis.core.pipeline.common.Pipeline buildTasks
FINE: Created task "1-rri"
May 25, 2017 10:30:02 PM org.openstreetmap.osmosis.core.pipeline.common.Pipeline buildTasks
FINE: Created task "2-wxc"
May 25, 2017 10:30:02 PM org.openstreetmap.osmosis.core.pipeline.common.Pipeline prepare
FINE: Connecting tasks.
May 25, 2017 10:30:02 PM org.openstreetmap.osmosis.core.pipeline.common.PipeTasks putTask
FINE: Task "1-rri" produced unnamed pipe stored at level 1 in the default pipe stack.
May 25, 2017 10:30:02 PM org.openstreetmap.osmosis.core.pipeline.common.Pipeline connectTasks
FINE: Connected task "1-rri"
May 25, 2017 10:30:02 PM org.openstreetmap.osmosis.core.pipeline.common.PipeTasks retrieveTask
FINE: Task "2-wxc" consumed unnamed pipe stored at level 1 in the default pipe stack.
May 25, 2017 10:30:02 PM org.openstreetmap.osmosis.core.pipeline.common.Pipeline connectTasks
FINE: Connected task "2-wxc"
May 25, 2017 10:30:02 PM org.openstreetmap.osmosis.core.Osmosis run
INFO: Launching pipeline execution.
May 25, 2017 10:30:02 PM org.openstreetmap.osmosis.core.pipeline.common.ActiveTaskManager execute
FINE: Launching task 1-rri in a new thread.
May 25, 2017 10:30:02 PM org.openstreetmap.osmosis.core.pipeline.common.PassiveTaskManager execute
FINE: Task 2-wxc is passive, no execution required.
May 25, 2017 10:30:02 PM org.openstreetmap.osmosis.core.Osmosis run
INFO: Pipeline executing, waiting for completion.
May 25, 2017 10:30:02 PM org.openstreetmap.osmosis.core.pipeline.common.ActiveTaskManager waitForCompletion
FINE: Waiting for task 1-rri to complete.
May 25, 2017 10:30:02 PM org.openstreetmap.osmosis.replication.v0_6.BaseReplicationDownloader runImpl
FINE: Reading current server state.
May 25, 2017 10:30:02 PM sun.net.www.protocol.http.HttpURLConnection plainConnect0
FINEST: ProxySelector Request for http://ftp5.gwdg.de/pub/misc/openstreetmap/planet.openstreetmap.org/replication/day/state.txt
May 25, 2017 10:30:03 PM sun.net.www.protocol.http.HttpURLConnection plainConnect0
FINEST: Proxy used: DIRECT
May 25, 2017 10:30:03 PM sun.net.www.protocol.http.HttpURLConnection writeRequests
FINE: sun.net.www.MessageHeader@2e6c93865 pairs: {GET /pub/misc/openstreetmap/planet.openstreetmap.org/replication/day/state.txt HTTP/1.1: null}{User-Agent: Osmosis/0.45}{Host: ftp5.gwdg.de}{Accept: text/html, image/gif, image/jpeg, *; q=.2, */*; q=.2}{Connection: keep-alive}
May 25, 2017 10:30:03 PM org.openstreetmap.osmosis.core.pipeline.common.ActiveTaskManager waitForCompletion
SEVERE: Thread for task 1-rri failed
org.openstreetmap.osmosis.core.OsmosisRuntimeException: Unable to read the state from the server.
	at org.openstreetmap.osmosis.replication.common.ServerStateReader.getServerState(ServerStateReader.java:116)
	at org.openstreetmap.osmosis.replication.common.ServerStateReader.getServerState(ServerStateReader.java:50)
	at org.openstreetmap.osmosis.replication.v0_6.BaseReplicationDownloader.runImpl(BaseReplicationDownloader.java:290)
	at org.openstreetmap.osmosis.replication.v0_6.BaseReplicationDownloader.run(BaseReplicationDownloader.java:383)
	at java.lang.Thread.run(Thread.java:745)
Caused by: java.net.SocketException: Connection reset
	at java.net.SocketInputStream.read(SocketInputStream.java:210)
	at java.net.SocketInputStream.read(SocketInputStream.java:141)
	at java.io.BufferedInputStream.fill(BufferedInputStream.java:246)
	at java.io.BufferedInputStream.read1(BufferedInputStream.java:286)
	at java.io.BufferedInputStream.read(BufferedInputStream.java:345)
	at sun.net.www.http.HttpClient.parseHTTPHeader(HttpClient.java:704)
	at sun.net.www.http.HttpClient.parseHTTP(HttpClient.java:647)
	at sun.net.www.http.HttpClient.parseHTTP(HttpClient.java:675)
	at sun.net.www.protocol.http.HttpURLConnection.getInputStream0(HttpURLConnection.java:1569)
	at sun.net.www.protocol.http.HttpURLConnection.getInputStream(HttpURLConnection.java:1474)
	at org.openstreetmap.osmosis.replication.common.ServerStateReader.getServerState(ServerStateReader.java:97)
	... 4 more

May 25, 2017 10:30:03 PM org.openstreetmap.osmosis.core.pipeline.common.PassiveTaskManager waitForCompletion
FINE: Task 2-wxc is passive, no completion wait required.
May 25, 2017 10:30:03 PM org.openstreetmap.osmosis.core.Osmosis main
SEVERE: Execution aborted.
org.openstreetmap.osmosis.core.OsmosisRuntimeException: One or more tasks failed.
	at org.openstreetmap.osmosis.core.pipeline.common.Pipeline.waitForCompletion(Pipeline.java:146)
	at org.openstreetmap.osmosis.core.Osmosis.run(Osmosis.java:92)
	at org.openstreetmap.osmosis.core.Osmosis.main(Osmosis.java:37)
	at sun.reflect.NativeMethodAccessorImpl.invoke0(Native Method)
	at sun.reflect.NativeMethodAccessorImpl.invoke(NativeMethodAccessorImpl.java:62)
	at sun.reflect.DelegatingMethodAccessorImpl.invoke(DelegatingMethodAccessorImpl.java:43)
	at java.lang.reflect.Method.invoke(Method.java:498)
	at org.codehaus.plexus.classworlds.launcher.Launcher.launchStandard(Launcher.java:330)
	at org.codehaus.plexus.classworlds.launcher.Launcher.launch(Launcher.java:238)
	at org.codehaus.plexus.classworlds.launcher.Launcher.mainWithExitCode(Launcher.java:415)
	at org.codehaus.plexus.classworlds.launcher.Launcher.main(Launcher.java:356)
	at org.codehaus.classworlds.Launcher.main(Launcher.java:47)

