04-24-2017 09:24:57 - Baixando atualizacoes...
Apr 24, 2017 9:24:57 AM org.openstreetmap.osmosis.core.Osmosis run
INFO: Osmosis Version 0.45
Apr 24, 2017 9:24:57 AM org.openstreetmap.osmosis.core.TaskRegistrar loadBuiltInPlugins
FINER: Loading plugin configuration file from url jar:file:/opt/osm/sources/osmosis/lib/default/osmosis-pgsnapshot-0.45.jar!/osmosis-plugins.conf.
Apr 24, 2017 9:24:57 AM org.openstreetmap.osmosis.core.TaskRegistrar loadBuiltInPlugins
FINER: Loading plugin via loader org.openstreetmap.osmosis.pgsnapshot.PgSnapshotPluginLoader.
Apr 24, 2017 9:24:57 AM org.openstreetmap.osmosis.core.TaskRegistrar loadBuiltInPlugins
FINER: Loading plugin configuration file from url jar:file:/opt/osm/sources/osmosis/lib/default/osmosis-pbf2-0.45.jar!/osmosis-plugins.conf.
Apr 24, 2017 9:24:57 AM org.openstreetmap.osmosis.core.TaskRegistrar loadBuiltInPlugins
FINER: Loading plugin via loader org.openstreetmap.osmosis.pbf2.PbfPluginLoader.
Apr 24, 2017 9:24:57 AM org.openstreetmap.osmosis.core.TaskRegistrar loadBuiltInPlugins
FINER: Loading plugin configuration file from url jar:file:/opt/osm/sources/osmosis/lib/default/osmosis-pgsimple-0.45.jar!/osmosis-plugins.conf.
Apr 24, 2017 9:24:57 AM org.openstreetmap.osmosis.core.TaskRegistrar loadBuiltInPlugins
FINER: Loading plugin via loader org.openstreetmap.osmosis.pgsimple.PgSimplePluginLoader.
Apr 24, 2017 9:24:57 AM org.openstreetmap.osmosis.core.TaskRegistrar loadBuiltInPlugins
FINER: Loading plugin configuration file from url jar:file:/opt/osm/sources/osmosis/lib/default/osmosis-core-0.45.jar!/osmosis-plugins.conf.
Apr 24, 2017 9:24:57 AM org.openstreetmap.osmosis.core.TaskRegistrar loadBuiltInPlugins
FINER: Loading plugin via loader org.openstreetmap.osmosis.core.CorePluginLoader.
Apr 24, 2017 9:24:57 AM org.openstreetmap.osmosis.core.TaskRegistrar loadBuiltInPlugins
FINER: Loading plugin configuration file from url jar:file:/opt/osm/sources/osmosis/lib/default/osmosis-tagfilter-0.45.jar!/osmosis-plugins.conf.
Apr 24, 2017 9:24:57 AM org.openstreetmap.osmosis.core.TaskRegistrar loadBuiltInPlugins
FINER: Loading plugin via loader org.openstreetmap.osmosis.tagfilter.TagFilterPluginLoader.
Apr 24, 2017 9:24:57 AM org.openstreetmap.osmosis.core.TaskRegistrar loadBuiltInPlugins
FINER: Loading plugin configuration file from url jar:file:/opt/osm/sources/osmosis/lib/default/osmosis-set-0.45.jar!/osmosis-plugins.conf.
Apr 24, 2017 9:24:57 AM org.openstreetmap.osmosis.core.TaskRegistrar loadBuiltInPlugins
FINER: Loading plugin via loader org.openstreetmap.osmosis.set.SetPluginLoader.
Apr 24, 2017 9:24:57 AM org.openstreetmap.osmosis.core.TaskRegistrar loadBuiltInPlugins
FINER: Loading plugin configuration file from url jar:file:/opt/osm/sources/osmosis/lib/default/osmosis-xml-0.45.jar!/osmosis-plugins.conf.
Apr 24, 2017 9:24:57 AM org.openstreetmap.osmosis.core.TaskRegistrar loadBuiltInPlugins
FINER: Loading plugin via loader org.openstreetmap.osmosis.xml.XmlPluginLoader.
Apr 24, 2017 9:24:57 AM org.openstreetmap.osmosis.core.TaskRegistrar loadBuiltInPlugins
FINER: Loading plugin configuration file from url jar:file:/opt/osm/sources/osmosis/lib/default/osmosis-dataset-0.45.jar!/osmosis-plugins.conf.
Apr 24, 2017 9:24:57 AM org.openstreetmap.osmosis.core.TaskRegistrar loadBuiltInPlugins
FINER: Loading plugin via loader org.openstreetmap.osmosis.dataset.DatasetPluginLoader.
Apr 24, 2017 9:24:57 AM org.openstreetmap.osmosis.core.TaskRegistrar loadBuiltInPlugins
FINER: Loading plugin configuration file from url jar:file:/opt/osm/sources/osmosis/lib/default/osmosis-areafilter-0.45.jar!/osmosis-plugins.conf.
Apr 24, 2017 9:24:57 AM org.openstreetmap.osmosis.core.TaskRegistrar loadBuiltInPlugins
FINER: Loading plugin via loader org.openstreetmap.osmosis.areafilter.AreaFilterPluginLoader.
Apr 24, 2017 9:24:57 AM org.openstreetmap.osmosis.core.TaskRegistrar loadBuiltInPlugins
FINER: Loading plugin configuration file from url jar:file:/opt/osm/sources/osmosis/lib/default/osmosis-replication-http-0.45.jar!/osmosis-plugins.conf.
Apr 24, 2017 9:24:57 AM org.openstreetmap.osmosis.core.TaskRegistrar loadBuiltInPlugins
FINER: Loading plugin via loader org.openstreetmap.osmosis.replicationhttp.ReplicationHttpPluginLoader.
Apr 24, 2017 9:24:57 AM org.openstreetmap.osmosis.core.TaskRegistrar loadBuiltInPlugins
FINER: Loading plugin configuration file from url jar:file:/opt/osm/sources/osmosis/lib/default/osmosis-pbf-0.45.jar!/osmosis-plugins.conf.
Apr 24, 2017 9:24:57 AM org.openstreetmap.osmosis.core.TaskRegistrar loadBuiltInPlugins
FINER: Loading plugin via loader crosby.binary.osmosis.BinaryPluginLoader.
Apr 24, 2017 9:24:57 AM org.openstreetmap.osmosis.core.TaskRegistrar loadBuiltInPlugins
FINER: Loading plugin configuration file from url jar:file:/opt/osm/sources/osmosis/lib/default/osmosis-tagtransform-0.45.jar!/osmosis-plugins.conf.
Apr 24, 2017 9:24:57 AM org.openstreetmap.osmosis.core.TaskRegistrar loadBuiltInPlugins
FINER: Loading plugin via loader org.openstreetmap.osmosis.tagtransform.TransformPlugin.
Apr 24, 2017 9:24:57 AM org.openstreetmap.osmosis.core.TaskRegistrar loadBuiltInPlugins
FINER: Loading plugin configuration file from url jar:file:/opt/osm/sources/osmosis/lib/default/osmosis-apidb-0.45.jar!/osmosis-plugins.conf.
Apr 24, 2017 9:24:57 AM org.openstreetmap.osmosis.core.TaskRegistrar loadBuiltInPlugins
FINER: Loading plugin via loader org.openstreetmap.osmosis.apidb.ApidbPluginLoader.
Apr 24, 2017 9:24:57 AM org.openstreetmap.osmosis.core.TaskRegistrar loadBuiltInPlugins
FINER: Loading plugin configuration file from url jar:file:/opt/osm/sources/osmosis/lib/default/osmosis-replication-0.45.jar!/osmosis-plugins.conf.
Apr 24, 2017 9:24:57 AM org.openstreetmap.osmosis.core.TaskRegistrar loadBuiltInPlugins
FINER: Loading plugin via loader org.openstreetmap.osmosis.replication.ReplicationPluginLoader.
Apr 24, 2017 9:24:57 AM org.openstreetmap.osmosis.core.TaskRegistrar loadJPFPlugins
FINE: Searching for JPF plugins.
Apr 24, 2017 9:24:57 AM org.openstreetmap.osmosis.core.TaskRegistrar gatherJpfPlugins
FINER: Loading plugins in /opt/osm/data/osmupdates/plugins
Apr 24, 2017 9:24:57 AM org.openstreetmap.osmosis.core.TaskRegistrar gatherJpfPlugins
FINER: Loading plugins in /root/.openstreetmap/osmosis/plugins
Apr 24, 2017 9:24:57 AM org.openstreetmap.osmosis.core.TaskRegistrar gatherJpfPlugins
FINER: Loading plugins in /opt/osm/data/osmupdates/null/openstreetmap/osmosis/plugins
Apr 24, 2017 9:24:57 AM org.openstreetmap.osmosis.core.TaskRegistrar loadJPFPlugins
FINE: Registering the core plugin.
Apr 24, 2017 9:24:57 AM org.openstreetmap.osmosis.core.TaskRegistrar registerCorePlugin
FINEST: Plugin URL: jar:file:/opt/osm/sources/osmosis/lib/default/osmosis-core-0.45.jar!/org/openstreetmap/osmosis/core/plugin/plugin.xml
Apr 24, 2017 9:24:57 AM org.openstreetmap.osmosis.core.TaskRegistrar loadJPFPlugins
FINE: Registering the extension plugins.
Apr 24, 2017 9:24:57 AM org.openstreetmap.osmosis.core.Osmosis run
INFO: Preparing pipeline.
Apr 24, 2017 9:24:57 AM org.openstreetmap.osmosis.core.pipeline.common.Pipeline prepare
FINE: Building tasks.
Apr 24, 2017 9:24:57 AM org.openstreetmap.osmosis.core.pipeline.common.Pipeline buildTasks
FINE: Created task "1-rri"
Apr 24, 2017 9:24:57 AM org.openstreetmap.osmosis.core.pipeline.common.Pipeline buildTasks
FINE: Created task "2-wxc"
Apr 24, 2017 9:24:57 AM org.openstreetmap.osmosis.core.pipeline.common.Pipeline prepare
FINE: Connecting tasks.
Apr 24, 2017 9:24:57 AM org.openstreetmap.osmosis.core.pipeline.common.PipeTasks putTask
FINE: Task "1-rri" produced unnamed pipe stored at level 1 in the default pipe stack.
Apr 24, 2017 9:24:57 AM org.openstreetmap.osmosis.core.pipeline.common.Pipeline connectTasks
FINE: Connected task "1-rri"
Apr 24, 2017 9:24:57 AM org.openstreetmap.osmosis.core.pipeline.common.PipeTasks retrieveTask
FINE: Task "2-wxc" consumed unnamed pipe stored at level 1 in the default pipe stack.
Apr 24, 2017 9:24:57 AM org.openstreetmap.osmosis.core.pipeline.common.Pipeline connectTasks
FINE: Connected task "2-wxc"
Apr 24, 2017 9:24:57 AM org.openstreetmap.osmosis.core.Osmosis run
INFO: Launching pipeline execution.
Apr 24, 2017 9:24:57 AM org.openstreetmap.osmosis.core.pipeline.common.ActiveTaskManager execute
FINE: Launching task 1-rri in a new thread.
Apr 24, 2017 9:24:57 AM org.openstreetmap.osmosis.core.pipeline.common.PassiveTaskManager execute
FINE: Task 2-wxc is passive, no execution required.
Apr 24, 2017 9:24:57 AM org.openstreetmap.osmosis.core.Osmosis run
INFO: Pipeline executing, waiting for completion.
Apr 24, 2017 9:24:57 AM org.openstreetmap.osmosis.core.pipeline.common.ActiveTaskManager waitForCompletion
FINE: Waiting for task 1-rri to complete.
Apr 24, 2017 9:24:57 AM org.openstreetmap.osmosis.replication.v0_6.BaseReplicationDownloader runImpl
FINE: Reading current server state.
Apr 24, 2017 9:24:57 AM sun.net.www.protocol.http.HttpURLConnection plainConnect0
FINEST: ProxySelector Request for http://ftp5.gwdg.de/pub/misc/openstreetmap/planet.openstreetmap.org/replication/day/state.txt
Apr 24, 2017 9:25:37 AM org.openstreetmap.osmosis.core.pipeline.common.ActiveTaskManager waitForCompletion
SEVERE: Thread for task 1-rri failed
org.openstreetmap.osmosis.core.OsmosisRuntimeException: Unable to read the state from the server.
	at org.openstreetmap.osmosis.replication.common.ServerStateReader.getServerState(ServerStateReader.java:116)
	at org.openstreetmap.osmosis.replication.common.ServerStateReader.getServerState(ServerStateReader.java:50)
	at org.openstreetmap.osmosis.replication.v0_6.BaseReplicationDownloader.runImpl(BaseReplicationDownloader.java:290)
	at org.openstreetmap.osmosis.replication.v0_6.BaseReplicationDownloader.run(BaseReplicationDownloader.java:383)
	at java.lang.Thread.run(Thread.java:745)
Caused by: java.net.UnknownHostException: ftp5.gwdg.de
	at java.net.AbstractPlainSocketImpl.connect(AbstractPlainSocketImpl.java:184)
	at java.net.SocksSocketImpl.connect(SocksSocketImpl.java:392)
	at java.net.Socket.connect(Socket.java:589)
	at sun.net.NetworkClient.doConnect(NetworkClient.java:175)
	at sun.net.www.http.HttpClient.openServer(HttpClient.java:432)
	at sun.net.www.http.HttpClient.openServer(HttpClient.java:527)
	at sun.net.www.http.HttpClient.<init>(HttpClient.java:211)
	at sun.net.www.http.HttpClient.New(HttpClient.java:308)
	at sun.net.www.http.HttpClient.New(HttpClient.java:326)
	at sun.net.www.protocol.http.HttpURLConnection.getNewHttpClient(HttpURLConnection.java:1202)
	at sun.net.www.protocol.http.HttpURLConnection.plainConnect0(HttpURLConnection.java:1138)
	at sun.net.www.protocol.http.HttpURLConnection.plainConnect(HttpURLConnection.java:1032)
	at sun.net.www.protocol.http.HttpURLConnection.connect(HttpURLConnection.java:966)
	at sun.net.www.protocol.http.HttpURLConnection.getInputStream0(HttpURLConnection.java:1546)
	at sun.net.www.protocol.http.HttpURLConnection.getInputStream(HttpURLConnection.java:1474)
	at org.openstreetmap.osmosis.replication.common.ServerStateReader.getServerState(ServerStateReader.java:97)
	... 4 more

Apr 24, 2017 9:25:37 AM org.openstreetmap.osmosis.core.pipeline.common.PassiveTaskManager waitForCompletion
FINE: Task 2-wxc is passive, no completion wait required.
Apr 24, 2017 9:25:37 AM org.openstreetmap.osmosis.core.Osmosis main
SEVERE: Execution aborted.
org.openstreetmap.osmosis.core.OsmosisRuntimeException: One or more tasks failed.
	at org.openstreetmap.osmosis.core.pipeline.common.Pipeline.waitForCompletion(Pipeline.java:146)
	at org.openstreetmap.osmosis.core.Osmosis.run(Osmosis.java:92)
	at org.openstreetmap.osmosis.core.Osmosis.main(Osmosis.java:37)
	at sun.reflect.NativeMethodAccessorImpl.invoke0(Native Method)
	at sun.reflect.NativeMethodAccessorImpl.invoke(NativeMethodAccessorImpl.java:62)
	at sun.reflect.DelegatingMethodAccessorImpl.invoke(DelegatingMethodAccessorImpl.java:43)
	at java.lang.reflect.Method.invoke(Method.java:498)
	at org.codehaus.plexus.classworlds.launcher.Launcher.launchStandard(Launcher.java:330)
	at org.codehaus.plexus.classworlds.launcher.Launcher.launch(Launcher.java:238)
	at org.codehaus.plexus.classworlds.launcher.Launcher.mainWithExitCode(Launcher.java:415)
	at org.codehaus.plexus.classworlds.launcher.Launcher.main(Launcher.java:356)
	at org.codehaus.classworlds.Launcher.main(Launcher.java:47)

Arquivo de update nao encontrado. Saindo.
